2025-09-06 10:38:09 [[32MINFO[39M]: Servidor escuchando en el puerto 8080
2025-09-06 10:38:09 [[32MINFO[39M]: Conectado a la base de datos
2025-09-06 10:38:11 [[32MINFO[39M]: Configuración de Nodemailer verificada exitosamente
2025-09-06 10:38:22 [[32MINFO[39M]: Intento de login para el email: mateo.baldoni@gmail.com
2025-09-06 10:38:22 [[32MINFO[39M]: Buscando usuario por email: mateo.baldoni@gmail.com
2025-09-06 10:38:22 [[32MINFO[39M]: Validando contraseña para usuario: mateo.baldoni@gmail.com (ID: 681c69e9f3b15480df726bf0)
2025-09-06 10:38:22 [[32MINFO[39M]: Contraseña válida para usuario: mateo.baldoni@gmail.com
2025-09-06 10:38:22 [[32MINFO[39M]: Generando token JWT para usuario: mateo.baldoni@gmail.com (ID: 681c69e9f3b15480df726bf0)
2025-09-06 10:38:22 [[32MINFO[39M]: Token JWT generado exitosamente para: mateo.baldoni@gmail.com
2025-09-06 10:38:22 [[32MINFO[39M]: Login exitoso para email: mateo.baldoni@gmail.com, rol: admin
2025-09-06 10:38:23 [[32MINFO[39M]: Cookie extraída: eyJhbGciOi...
2025-09-06 10:38:23 [[32MINFO[39M]: Entrando a passport Strategy con JWT.
2025-09-06 10:38:23 [[32MINFO[39M]: jwt obtenido payload
2025-09-06 10:38:23 [[32MINFO[39M]: [object Object]
2025-09-06 10:38:23 [[32MINFO[39M]: Total de turnos encontrados: 10, Total general: 58
2025-09-06 10:38:23 [[32MINFO[39M]: Cookie extraída: eyJhbGciOi...
2025-09-06 10:38:23 [[32MINFO[39M]: Entrando a passport Strategy con JWT.
2025-09-06 10:38:23 [[32MINFO[39M]: jwt obtenido payload
2025-09-06 10:38:23 [[32MINFO[39M]: [object Object]
2025-09-06 10:38:23 [[32MINFO[39M]: Total de turnos encontrados: 10, Total general: 58
2025-09-06 10:38:25 [[32MINFO[39M]: Cookie extraída: eyJhbGciOi...
2025-09-06 10:38:25 [[32MINFO[39M]: Entrando a passport Strategy con JWT.
2025-09-06 10:38:25 [[32MINFO[39M]: jwt obtenido payload
2025-09-06 10:38:25 [[32MINFO[39M]: [object Object]
2025-09-06 10:38:25 [[32MINFO[39M]: Usuario autenticado en /current: mateo.baldoni@gmail.com (ID: 681c69e9f3b15480df726bf0)
2025-09-06 10:38:25 [[32MINFO[39M]: Cookie extraída: eyJhbGciOi...
2025-09-06 10:38:25 [[32MINFO[39M]: Entrando a passport Strategy con JWT.
2025-09-06 10:38:25 [[32MINFO[39M]: jwt obtenido payload
2025-09-06 10:38:25 [[32MINFO[39M]: [object Object]
2025-09-06 10:38:25 [[32MINFO[39M]: Usuario autenticado en /current: mateo.baldoni@gmail.com (ID: 681c69e9f3b15480df726bf0)
2025-09-06 10:38:25 [[32MINFO[39M]: Cookie extraída: eyJhbGciOi...
2025-09-06 10:38:25 [[32MINFO[39M]: Entrando a passport Strategy con JWT.
2025-09-06 10:38:25 [[32MINFO[39M]: jwt obtenido payload
2025-09-06 10:38:25 [[32MINFO[39M]: [object Object]
2025-09-06 10:38:25 [[32MINFO[39M]: Total de turnos encontrados: 58, Total general: 58
2025-09-06 10:38:25 [[32MINFO[39M]: Cookie extraída: eyJhbGciOi...
2025-09-06 10:38:25 [[32MINFO[39M]: Entrando a passport Strategy con JWT.
2025-09-06 10:38:25 [[32MINFO[39M]: jwt obtenido payload
2025-09-06 10:38:26 [[32MINFO[39M]: [object Object]
2025-09-06 10:38:26 [[32MINFO[39M]: Total de turnos encontrados: 58, Total general: 58
2025-09-06 10:38:29 [[32MINFO[39M]: Cookie extraída: eyJhbGciOi...
2025-09-06 10:38:29 [[32MINFO[39M]: Entrando a passport Strategy con JWT.
2025-09-06 10:38:29 [[32MINFO[39M]: jwt obtenido payload
2025-09-06 10:38:29 [[32MINFO[39M]: [object Object]
2025-09-06 10:38:29 [[32MINFO[39M]: Usuario autenticado en /current: mateo.baldoni@gmail.com (ID: 681c69e9f3b15480df726bf0)
2025-09-06 10:38:29 [[32MINFO[39M]: Cookie extraída: eyJhbGciOi...
2025-09-06 10:38:29 [[32MINFO[39M]: Entrando a passport Strategy con JWT.
2025-09-06 10:38:29 [[32MINFO[39M]: jwt obtenido payload
2025-09-06 10:38:29 [[32MINFO[39M]: [object Object]
2025-09-06 10:38:29 [[32MINFO[39M]: Usuario autenticado en /current: mateo.baldoni@gmail.com (ID: 681c69e9f3b15480df726bf0)
2025-09-06 10:38:29 [[32MINFO[39M]: Cookie extraída: eyJhbGciOi...
2025-09-06 10:38:29 [[32MINFO[39M]: Entrando a passport Strategy con JWT.
2025-09-06 10:38:29 [[32MINFO[39M]: jwt obtenido payload
2025-09-06 10:38:29 [[32MINFO[39M]: [object Object]
2025-09-06 10:38:29 [[32MINFO[39M]: Cookie extraída: eyJhbGciOi...
2025-09-06 10:38:29 [[32MINFO[39M]: Entrando a passport Strategy con JWT.
2025-09-06 10:38:29 [[32MINFO[39M]: jwt obtenido payload
2025-09-06 10:38:29 [[32MINFO[39M]: [object Object]
2025-09-06 10:38:54 [[32MINFO[39M]: Cookie extraída: eyJhbGciOi...
2025-09-06 10:38:54 [[32MINFO[39M]: Entrando a passport Strategy con JWT.
2025-09-06 10:38:54 [[32MINFO[39M]: jwt obtenido payload
2025-09-06 10:38:54 [[32MINFO[39M]: [object Object]
2025-09-06 10:38:54 [[32MINFO[39M]: Creando un nuevo turno
2025-09-06 10:38:54 [[32MINFO[39M]: Datos recibidos: {"doctor":"681c69e9f3b15480df726bf0","date":"2025-09-07T13:30:00Z","notes":"rrrrrrrrrreeeee","patient_name":"ramon","patient_email":"ramon.gomez@gmail.com"}
2025-09-06 10:38:54 [[32MINFO[39M]: Verificando si el doctor 681c69e9f3b15480df726bf0 es admin
2025-09-06 10:38:54 [[32MINFO[39M]: Verificando rol de usuario 681c69e9f3b15480df726bf0: admin
2025-09-06 10:38:54 [[32MINFO[39M]: El doctor con ID 681c69e9f3b15480df726bf0 es admin: true
2025-09-06 10:38:54 [[32MINFO[39M]: Buscando conflictos de horario para doctor 681c69e9f3b15480df726bf0 en Sun Sep 07 2025 10:30:00 GMT-0300 (hora estándar de Argentina)
2025-09-06 10:38:54 [[32MINFO[39M]: Buscando turno para doctor 681c69e9f3b15480df726bf0 en fecha Sun Sep 07 2025 10:30:00 GMT-0300 (hora estándar de Argentina)
2025-09-06 10:38:54 [[32MINFO[39M]: Datos para crear turno: {"user":"681c69e9f3b15480df726bf0","patient_name":"ramon","patient_email":"ramon.gomez@gmail.com","doctor":"681c69e9f3b15480df726bf0","date":"2025-09-07T13:30:00.000Z","notes":"rrrrrrrrrreeeee","status":"pending"}
2025-09-06 10:38:54 [[32MINFO[39M]: Creando turno: {"user":"681c69e9f3b15480df726bf0","patient_name":"ramon","patient_email":"ramon.gomez@gmail.com","doctor":"681c69e9f3b15480df726bf0","date":"2025-09-07T13:30:00.000Z","notes":"rrrrrrrrrreeeee","status":"pending"}
2025-09-06 10:38:54 [[32MINFO[39M]: Turno creado: 68bc396ea994ac6d3659a13b
2025-09-06 10:38:57 [[32MINFO[39M]: Cookie extraída: eyJhbGciOi...
2025-09-06 10:38:57 [[32MINFO[39M]: Entrando a passport Strategy con JWT.
2025-09-06 10:38:57 [[32MINFO[39M]: jwt obtenido payload
2025-09-06 10:38:57 [[32MINFO[39M]: [object Object]
2025-09-06 10:38:57 [[32MINFO[39M]: Total de turnos encontrados: 10, Total general: 59
2025-09-06 10:38:57 [[32MINFO[39M]: Cookie extraída: eyJhbGciOi...
2025-09-06 10:38:57 [[32MINFO[39M]: Entrando a passport Strategy con JWT.
2025-09-06 10:38:57 [[32MINFO[39M]: jwt obtenido payload
2025-09-06 10:38:57 [[32MINFO[39M]: [object Object]
2025-09-06 10:38:57 [[32MINFO[39M]: Total de turnos encontrados: 10, Total general: 59
2025-09-06 10:39:00 [[32MINFO[39M]: Cookie extraída: eyJhbGciOi...
2025-09-06 10:39:00 [[32MINFO[39M]: Entrando a passport Strategy con JWT.
2025-09-06 10:39:00 [[32MINFO[39M]: jwt obtenido payload
2025-09-06 10:39:00 [[32MINFO[39M]: [object Object]
2025-09-06 10:39:00 [[32MINFO[39M]: Total de turnos encontrados: 10, Total general: 59
2025-09-06 10:39:01 [[32MINFO[39M]: Cookie extraída: eyJhbGciOi...
2025-09-06 10:39:01 [[32MINFO[39M]: Entrando a passport Strategy con JWT.
2025-09-06 10:39:01 [[32MINFO[39M]: jwt obtenido payload
2025-09-06 10:39:01 [[32MINFO[39M]: [object Object]
2025-09-06 10:39:01 [[32MINFO[39M]: Total de turnos encontrados: 10, Total general: 59
2025-09-06 10:39:05 [[32MINFO[39M]: Cookie extraída: eyJhbGciOi...
2025-09-06 10:39:05 [[32MINFO[39M]: Entrando a passport Strategy con JWT.
2025-09-06 10:39:05 [[32MINFO[39M]: jwt obtenido payload
2025-09-06 10:39:05 [[32MINFO[39M]: [object Object]
2025-09-06 10:39:05 [[32MINFO[39M]: Usuario autenticado en /current: mateo.baldoni@gmail.com (ID: 681c69e9f3b15480df726bf0)
2025-09-06 10:39:05 [[32MINFO[39M]: Cookie extraída: eyJhbGciOi...
2025-09-06 10:39:05 [[32MINFO[39M]: Entrando a passport Strategy con JWT.
2025-09-06 10:39:05 [[32MINFO[39M]: jwt obtenido payload
2025-09-06 10:39:05 [[32MINFO[39M]: [object Object]
2025-09-06 10:39:05 [[32MINFO[39M]: Usuario autenticado en /current: mateo.baldoni@gmail.com (ID: 681c69e9f3b15480df726bf0)
2025-09-06 10:39:06 [[32MINFO[39M]: Cookie extraída: eyJhbGciOi...
2025-09-06 10:39:06 [[32MINFO[39M]: Entrando a passport Strategy con JWT.
2025-09-06 10:39:06 [[32MINFO[39M]: jwt obtenido payload
2025-09-06 10:39:06 [[32MINFO[39M]: [object Object]
2025-09-06 10:39:06 [[32MINFO[39M]: Total de turnos encontrados: 59, Total general: 59
2025-09-06 10:39:06 [[32MINFO[39M]: Cookie extraída: eyJhbGciOi...
2025-09-06 10:39:06 [[32MINFO[39M]: Entrando a passport Strategy con JWT.
2025-09-06 10:39:06 [[32MINFO[39M]: jwt obtenido payload
2025-09-06 10:39:06 [[32MINFO[39M]: [object Object]
2025-09-06 10:39:06 [[32MINFO[39M]: Total de turnos encontrados: 59, Total general: 59
