2025-09-02 23:30:38 [[31MERROR[39M]: Error al obtener turnos: query is not defined
2025-09-02 23:30:38 [[31MERROR[39M]: Error al obtener turnos: query is not defined
2025-09-02 23:30:51 [[31MERROR[39M]: Error al obtener turnos: query is not defined
2025-09-02 23:30:51 [[31MERROR[39M]: Error al obtener turnos: query is not defined
2025-09-02 23:38:26 [[31MERROR[39M]: Error al obtener turnos: query is not defined
2025-09-02 23:38:26 [[31MERROR[39M]: Error al obtener turnos: query is not defined
2025-09-02 23:38:29 [[31MERROR[39M]: Error al obtener turnos: query is not defined
2025-09-02 23:38:29 [[31MERROR[39M]: Error al obtener turnos: query is not defined
2025-09-02 23:41:06 [[31MERROR[39M]: Error al obtener turnos: query is not defined
2025-09-02 23:41:06 [[31MERROR[39M]: Error al obtener turnos: query is not defined
2025-09-02 23:42:08 [[31MERROR[39M]: Error al obtener turnos: query is not defined
2025-09-02 23:42:08 [[31MERROR[39M]: Error al obtener turnos: query is not defined
2025-09-02 23:44:44 [[31MERROR[39M]: Error al verificar si el usuario es admin: mongoose is not defined
2025-09-02 23:44:44 [[31MERROR[39M]: Error al crear turno: Error al verificar el rol del doctor
2025-09-02 23:44:55 [[31MERROR[39M]: Error al verificar si el usuario es admin: mongoose is not defined
2025-09-02 23:44:55 [[31MERROR[39M]: Error al crear turno: Error al verificar el rol del doctor
2025-09-03 00:10:38 [[31MERROR[39M]: Error en el registro: logger is not defined
2025-09-03 00:10:57 [[31MERROR[39M]: Error en el registro: logger is not defined
2025-09-03 00:17:00 [[31MERROR[39M]: Error en el registro: logger is not defined, Stack: ReferenceError: logger is not defined
    at createHash (file:///C:/Proyectos/Trabajos/TURNERO/Backend/src/utils/password.js:12:9)
    at register (file:///C:/Proyectos/Trabajos/TURNERO/Backend/src/controllers/sessions.controller.js:57:32)
    at process.processTicksAndRejections (node:internal/process/task_queues:105:5)
2025-09-03 19:26:03 [[31MERROR[39M]: Error en el registro: logger is not defined
2025-09-04 19:59:13 [[31MERROR[39M]: ID de usuario inválido: undefined
2025-09-04 19:59:13 [[31MERROR[39M]: Error al verificar si el usuario es admin: ID de usuario inválido
2025-09-04 19:59:13 [[31MERROR[39M]: ID de usuario inválido: undefined
2025-09-04 19:59:13 [[31MERROR[39M]: Error al verificar si el usuario es admin: ID de usuario inválido
2025-09-04 19:59:32 [[31MERROR[39M]: ID de usuario inválido: undefined
2025-09-04 19:59:32 [[31MERROR[39M]: Error al verificar si el usuario es admin: ID de usuario inválido
2025-09-04 19:59:32 [[31MERROR[39M]: ID de usuario inválido: undefined
2025-09-04 19:59:32 [[31MERROR[39M]: Error al verificar si el usuario es admin: ID de usuario inválido
2025-09-05 22:24:45 [[31MERROR[39M]: Error al crear turno: patient_email is not defined
ReferenceError: patient_email is not defined
    at createAppointment (file:///C:/Proyectos/Trabajos/TURNERO/Backend/src/controllers/appointments.controller.js:35:9)
    at Layer.handleRequest (C:\Proyectos\Trabajos\TURNERO\Backend\node_modules\router\lib\layer.js:152:17)
    at next (C:\Proyectos\Trabajos\TURNERO\Backend\node_modules\router\lib\route.js:157:13)
    at file:///C:/Proyectos/Trabajos/TURNERO/Backend/src/middlewares/auth.js:11:7
    at strategy.success (C:\Proyectos\Trabajos\TURNERO\Backend\node_modules\passport\lib\middleware\authenticate.js:222:18)
    at verified (C:\Proyectos\Trabajos\TURNERO\Backend\node_modules\passport-jwt\lib\strategy.js:115:41)
    at JwtStrategy._verify (file:///C:/Proyectos/Trabajos/TURNERO/Backend/src/configs/passport.config.js:28:28)
    at C:\Proyectos\Trabajos\TURNERO\Backend\node_modules\passport-jwt\lib\strategy.js:123:34
    at C:\Proyectos\Trabajos\TURNERO\Backend\node_modules\jsonwebtoken\verify.js:261:12
    at getSecret (C:\Proyectos\Trabajos\TURNERO\Backend\node_modules\jsonwebtoken\verify.js:97:14)
2025-09-05 22:25:17 [[31MERROR[39M]: Error al crear turno: patient_email is not defined
ReferenceError: patient_email is not defined
    at createAppointment (file:///C:/Proyectos/Trabajos/TURNERO/Backend/src/controllers/appointments.controller.js:35:9)
    at Layer.handleRequest (C:\Proyectos\Trabajos\TURNERO\Backend\node_modules\router\lib\layer.js:152:17)
    at next (C:\Proyectos\Trabajos\TURNERO\Backend\node_modules\router\lib\route.js:157:13)
    at file:///C:/Proyectos/Trabajos/TURNERO/Backend/src/middlewares/auth.js:11:7
    at strategy.success (C:\Proyectos\Trabajos\TURNERO\Backend\node_modules\passport\lib\middleware\authenticate.js:222:18)
    at verified (C:\Proyectos\Trabajos\TURNERO\Backend\node_modules\passport-jwt\lib\strategy.js:115:41)
    at JwtStrategy._verify (file:///C:/Proyectos/Trabajos/TURNERO/Backend/src/configs/passport.config.js:28:28)
    at C:\Proyectos\Trabajos\TURNERO\Backend\node_modules\passport-jwt\lib\strategy.js:123:34
    at C:\Proyectos\Trabajos\TURNERO\Backend\node_modules\jsonwebtoken\verify.js:261:12
    at getSecret (C:\Proyectos\Trabajos\TURNERO\Backend\node_modules\jsonwebtoken\verify.js:97:14)
